<?xml version="1.0" encoding="UTF-8"?>
<!-- Generated by org.testng.reporters.JUnitReportReporter -->
<testsuite skipped="0" hostname="CDWILT004" name="phase2_MVN001.MVN002" tests="2" failures="0" timestamp="2022-06-22T11:15:59 SGT" time="0.000" errors="0">
  <testcase name="testM022" time="0.000" classname="phase2_MVN001.MVN002"/>
  <system-out/>
  <testcase name="testM011" time="0.000" classname="phase2_MVN001.MVN002"/>
  <system-out/>
</testsuite> <!-- phase2_MVN001.MVN002 -->
